1731598577.824187 client started (75022): version 3.3a, socket /tmp/tmux-0/default, protocol 8
1731598577.824264 on Linux 5.15.0-78-generic #85-Ubuntu SMP Fri Jul 7 15:25:09 UTC 2023
1731598577.824285 using libevent 2.1.12-stable (poll); ncurses 6.4
1731598577.824333 flags are 0x18010000
1731598577.824348 socket is /tmp/tmux-0/default
1731598577.824381 trying connect
1731598577.824427 connect failed: No such file or directory
1731598577.824452 lock file is /tmp/tmux-0/default.lock
1731598577.824560 flock succeeded
1731598577.824576 got lock (6)
1731598577.824597 trying connect
1731598577.824622 connect failed: No such file or directory
1731598577.825139 add peer 0x1876c40: 7 ((nil))
1731598577.826206 sending message 100 to peer 0x1876c40 (4 bytes)
1731598577.826234 sending message 111 to peer 0x1876c40 (8 bytes)
1731598577.826251 sending message 101 to peer 0x1876c40 (15 bytes)
1731598577.826273 sending message 109 to peer 0x1876c40 (4 bytes)
1731598577.826287 sending message 102 to peer 0x1876c40 (11 bytes)
1731598577.826302 sending message 108 to peer 0x1876c40 (20 bytes)
1731598577.826317 sending message 112 to peer 0x1876c40 (58 bytes)
1731598577.826332 sending message 112 to peer 0x1876c40 (5 bytes)
1731598577.826347 sending message 112 to peer 0x1876c40 (5 bytes)
1731598577.826361 sending message 112 to peer 0x1876c40 (6 bytes)
1731598577.826375 sending message 112 to peer 0x1876c40 (6 bytes)
1731598577.826389 sending message 112 to peer 0x1876c40 (11 bytes)
1731598577.826403 sending message 112 to peer 0x1876c40 (10 bytes)
1731598577.826419 sending message 112 to peer 0x1876c40 (13 bytes)
1731598577.826432 sending message 112 to peer 0x1876c40 (14 bytes)
1731598577.826446 sending message 112 to peer 0x1876c40 (19 bytes)
1731598577.826462 sending message 112 to peer 0x1876c40 (11 bytes)
1731598577.826476 sending message 112 to peer 0x1876c40 (10 bytes)
1731598577.826489 sending message 112 to peer 0x1876c40 (15 bytes)
1731598577.826504 sending message 112 to peer 0x1876c40 (21 bytes)
1731598577.826518 sending message 112 to peer 0x1876c40 (13 bytes)
1731598577.826533 sending message 112 to peer 0x1876c40 (7 bytes)
1731598577.826547 sending message 112 to peer 0x1876c40 (13 bytes)
1731598577.826562 sending message 112 to peer 0x1876c40 (7 bytes)
1731598577.826579 sending message 112 to peer 0x1876c40 (13 bytes)
1731598577.826594 sending message 112 to peer 0x1876c40 (9 bytes)
1731598577.826609 sending message 112 to peer 0x1876c40 (21 bytes)
1731598577.826622 sending message 112 to peer 0x1876c40 (13 bytes)
1731598577.826636 sending message 112 to peer 0x1876c40 (9 bytes)
1731598577.826651 sending message 112 to peer 0x1876c40 (16 bytes)
1731598577.826666 sending message 112 to peer 0x1876c40 (13 bytes)
1731598577.826680 sending message 112 to peer 0x1876c40 (9 bytes)
1731598577.826694 sending message 112 to peer 0x1876c40 (9 bytes)
1731598577.826709 sending message 112 to peer 0x1876c40 (12 bytes)
1731598577.826724 sending message 112 to peer 0x1876c40 (8 bytes)
1731598577.826739 sending message 112 to peer 0x1876c40 (8 bytes)
1731598577.826784 sending message 112 to peer 0x1876c40 (13 bytes)
1731598577.826798 sending message 112 to peer 0x1876c40 (7 bytes)
1731598577.826813 sending message 112 to peer 0x1876c40 (7 bytes)
1731598577.826826 sending message 112 to peer 0x1876c40 (9 bytes)
1731598577.826841 sending message 112 to peer 0x1876c40 (9 bytes)
1731598577.826856 sending message 112 to peer 0x1876c40 (15 bytes)
1731598577.826870 sending message 112 to peer 0x1876c40 (13 bytes)
1731598577.826884 sending message 112 to peer 0x1876c40 (12 bytes)
1731598577.826897 sending message 112 to peer 0x1876c40 (8 bytes)
1731598577.826911 sending message 112 to peer 0x1876c40 (14 bytes)
1731598577.826926 sending message 112 to peer 0x1876c40 (11 bytes)
1731598577.826941 sending message 112 to peer 0x1876c40 (9 bytes)
1731598577.826956 sending message 112 to peer 0x1876c40 (10 bytes)
1731598577.826970 sending message 112 to peer 0x1876c40 (10 bytes)
1731598577.826984 sending message 112 to peer 0x1876c40 (10 bytes)
1731598577.827000 sending message 112 to peer 0x1876c40 (10 bytes)
1731598577.827032 sending message 112 to peer 0x1876c40 (11 bytes)
1731598577.827046 sending message 112 to peer 0x1876c40 (12 bytes)
1731598577.827061 sending message 112 to peer 0x1876c40 (12 bytes)
1731598577.827076 sending message 112 to peer 0x1876c40 (12 bytes)
1731598577.827090 sending message 112 to peer 0x1876c40 (12 bytes)
1731598577.827103 sending message 112 to peer 0x1876c40 (12 bytes)
1731598577.827118 sending message 112 to peer 0x1876c40 (11 bytes)
1731598577.827132 sending message 112 to peer 0x1876c40 (11 bytes)
1731598577.827147 sending message 112 to peer 0x1876c40 (12 bytes)
1731598577.827161 sending message 112 to peer 0x1876c40 (12 bytes)
1731598577.827175 sending message 112 to peer 0x1876c40 (12 bytes)
1731598577.827190 sending message 112 to peer 0x1876c40 (12 bytes)
1731598577.827205 sending message 112 to peer 0x1876c40 (12 bytes)
1731598577.827219 sending message 112 to peer 0x1876c40 (9 bytes)
1731598577.827234 sending message 112 to peer 0x1876c40 (12 bytes)
1731598577.827248 sending message 112 to peer 0x1876c40 (13 bytes)
1731598577.827266 sending message 112 to peer 0x1876c40 (13 bytes)
1731598577.827280 sending message 112 to peer 0x1876c40 (13 bytes)
1731598577.827294 sending message 112 to peer 0x1876c40 (13 bytes)
1731598577.827308 sending message 112 to peer 0x1876c40 (13 bytes)
1731598577.827323 sending message 112 to peer 0x1876c40 (8 bytes)
1731598577.827338 sending message 112 to peer 0x1876c40 (11 bytes)
1731598577.827352 sending message 112 to peer 0x1876c40 (11 bytes)
1731598577.827366 sending message 112 to peer 0x1876c40 (11 bytes)
1731598577.827381 sending message 112 to peer 0x1876c40 (12 bytes)
1731598577.827396 sending message 112 to peer 0x1876c40 (12 bytes)
1731598577.827410 sending message 112 to peer 0x1876c40 (12 bytes)
1731598577.827425 sending message 112 to peer 0x1876c40 (12 bytes)
1731598577.827439 sending message 112 to peer 0x1876c40 (13 bytes)
1731598577.827454 sending message 112 to peer 0x1876c40 (13 bytes)
1731598577.827469 sending message 112 to peer 0x1876c40 (13 bytes)
1731598577.827483 sending message 112 to peer 0x1876c40 (8 bytes)
1731598577.827497 sending message 112 to peer 0x1876c40 (13 bytes)
1731598577.827512 sending message 112 to peer 0x1876c40 (13 bytes)
1731598577.827526 sending message 112 to peer 0x1876c40 (13 bytes)
1731598577.827540 sending message 112 to peer 0x1876c40 (13 bytes)
1731598577.827556 sending message 112 to peer 0x1876c40 (13 bytes)
1731598577.827570 sending message 112 to peer 0x1876c40 (12 bytes)
1731598577.827584 sending message 112 to peer 0x1876c40 (12 bytes)
1731598577.827598 sending message 112 to peer 0x1876c40 (12 bytes)
1731598577.827613 sending message 112 to peer 0x1876c40 (12 bytes)
1731598577.827628 sending message 112 to peer 0x1876c40 (13 bytes)
1731598577.827642 sending message 112 to peer 0x1876c40 (8 bytes)
1731598577.827655 sending message 112 to peer 0x1876c40 (13 bytes)
1731598577.827671 sending message 112 to peer 0x1876c40 (13 bytes)
1731598577.827685 sending message 112 to peer 0x1876c40 (13 bytes)
1731598577.827700 sending message 112 to peer 0x1876c40 (13 bytes)
1731598577.827715 sending message 112 to peer 0x1876c40 (13 bytes)
1731598577.827729 sending message 112 to peer 0x1876c40 (13 bytes)
1731598577.827744 sending message 112 to peer 0x1876c40 (13 bytes)
1731598577.827758 sending message 112 to peer 0x1876c40 (12 bytes)
1731598577.827773 sending message 112 to peer 0x1876c40 (12 bytes)
1731598577.827786 sending message 112 to peer 0x1876c40 (12 bytes)
1731598577.827801 sending message 112 to peer 0x1876c40 (8 bytes)
1731598577.827815 sending message 112 to peer 0x1876c40 (12 bytes)
1731598577.827830 sending message 112 to peer 0x1876c40 (13 bytes)
1731598577.827844 sending message 112 to peer 0x1876c40 (13 bytes)
1731598577.827858 sending message 112 to peer 0x1876c40 (13 bytes)
1731598577.827873 sending message 112 to peer 0x1876c40 (13 bytes)
1731598577.827887 sending message 112 to peer 0x1876c40 (13 bytes)
1731598577.827901 sending message 112 to peer 0x1876c40 (13 bytes)
1731598577.827924 sending message 112 to peer 0x1876c40 (13 bytes)
1731598577.827939 sending message 112 to peer 0x1876c40 (13 bytes)
1731598577.827953 sending message 112 to peer 0x1876c40 (12 bytes)
1731598577.827967 sending message 112 to peer 0x1876c40 (10 bytes)
1731598577.827981 sending message 112 to peer 0x1876c40 (12 bytes)
1731598577.827996 sending message 112 to peer 0x1876c40 (12 bytes)
1731598577.828010 sending message 112 to peer 0x1876c40 (12 bytes)
1731598577.828025 sending message 112 to peer 0x1876c40 (13 bytes)
1731598577.828039 sending message 112 to peer 0x1876c40 (13 bytes)
1731598577.828054 sending message 112 to peer 0x1876c40 (13 bytes)
1731598577.828069 sending message 112 to peer 0x1876c40 (13 bytes)
1731598577.828084 sending message 112 to peer 0x1876c40 (13 bytes)
1731598577.828098 sending message 112 to peer 0x1876c40 (13 bytes)
1731598577.828112 sending message 112 to peer 0x1876c40 (13 bytes)
1731598577.828127 sending message 112 to peer 0x1876c40 (10 bytes)
1731598577.828147 sending message 112 to peer 0x1876c40 (13 bytes)
1731598577.828162 sending message 112 to peer 0x1876c40 (12 bytes)
1731598577.828177 sending message 112 to peer 0x1876c40 (12 bytes)
1731598577.828191 sending message 112 to peer 0x1876c40 (12 bytes)
1731598577.828206 sending message 112 to peer 0x1876c40 (10 bytes)
1731598577.828220 sending message 112 to peer 0x1876c40 (10 bytes)
1731598577.828234 sending message 112 to peer 0x1876c40 (10 bytes)
1731598577.828249 sending message 112 to peer 0x1876c40 (12 bytes)
1731598577.828265 sending message 112 to peer 0x1876c40 (13 bytes)
1731598577.828278 sending message 112 to peer 0x1876c40 (13 bytes)
1731598577.828293 sending message 112 to peer 0x1876c40 (13 bytes)
1731598577.828308 sending message 112 to peer 0x1876c40 (13 bytes)
1731598577.828322 sending message 112 to peer 0x1876c40 (13 bytes)
1731598577.828336 sending message 112 to peer 0x1876c40 (10 bytes)
1731598577.828351 sending message 112 to peer 0x1876c40 (11 bytes)
1731598577.828366 sending message 112 to peer 0x1876c40 (12 bytes)
1731598577.828381 sending message 112 to peer 0x1876c40 (12 bytes)
1731598577.828394 sending message 112 to peer 0x1876c40 (12 bytes)
1731598577.828409 sending message 112 to peer 0x1876c40 (12 bytes)
1731598577.828424 sending message 112 to peer 0x1876c40 (12 bytes)
1731598577.828438 sending message 112 to peer 0x1876c40 (11 bytes)
1731598577.828453 sending message 112 to peer 0x1876c40 (12 bytes)
1731598577.828467 sending message 112 to peer 0x1876c40 (12 bytes)
1731598577.828481 sending message 112 to peer 0x1876c40 (13 bytes)
1731598577.828496 sending message 112 to peer 0x1876c40 (13 bytes)
1731598577.828511 sending message 112 to peer 0x1876c40 (13 bytes)
1731598577.828524 sending message 112 to peer 0x1876c40 (13 bytes)
1731598577.828539 sending message 112 to peer 0x1876c40 (13 bytes)
1731598577.828554 sending message 112 to peer 0x1876c40 (10 bytes)
1731598577.828568 sending message 112 to peer 0x1876c40 (9 bytes)
1731598577.828590 sending message 112 to peer 0x1876c40 (12 bytes)
1731598577.828604 sending message 112 to peer 0x1876c40 (13 bytes)
1731598577.828619 sending message 112 to peer 0x1876c40 (13 bytes)
1731598577.828634 sending message 112 to peer 0x1876c40 (13 bytes)
1731598577.828648 sending message 112 to peer 0x1876c40 (13 bytes)
1731598577.828663 sending message 112 to peer 0x1876c40 (13 bytes)
1731598577.828677 sending message 112 to peer 0x1876c40 (9 bytes)
1731598577.828691 sending message 112 to peer 0x1876c40 (12 bytes)
1731598577.828709 sending message 112 to peer 0x1876c40 (13 bytes)
1731598577.828724 sending message 112 to peer 0x1876c40 (13 bytes)
1731598577.828739 sending message 112 to peer 0x1876c40 (13 bytes)
1731598577.828753 sending message 112 to peer 0x1876c40 (13 bytes)
1731598577.828767 sending message 112 to peer 0x1876c40 (13 bytes)
1731598577.828781 sending message 112 to peer 0x1876c40 (11 bytes)
1731598577.828796 sending message 112 to peer 0x1876c40 (12 bytes)
1731598577.828811 sending message 112 to peer 0x1876c40 (13 bytes)
1731598577.828832 sending message 112 to peer 0x1876c40 (13 bytes)
1731598577.828847 sending message 112 to peer 0x1876c40 (13 bytes)
1731598577.828862 sending message 112 to peer 0x1876c40 (13 bytes)
1731598577.828877 sending message 112 to peer 0x1876c40 (13 bytes)
1731598577.828892 sending message 112 to peer 0x1876c40 (11 bytes)
1731598577.828908 sending message 112 to peer 0x1876c40 (12 bytes)
1731598577.828923 sending message 112 to peer 0x1876c40 (12 bytes)
1731598577.828938 sending message 112 to peer 0x1876c40 (12 bytes)
1731598577.828953 sending message 112 to peer 0x1876c40 (12 bytes)
1731598577.828967 sending message 112 to peer 0x1876c40 (12 bytes)
1731598577.828982 sending message 112 to peer 0x1876c40 (21 bytes)
1731598577.828996 sending message 112 to peer 0x1876c40 (12 bytes)
1731598577.829012 sending message 112 to peer 0x1876c40 (9 bytes)
1731598577.829027 sending message 112 to peer 0x1876c40 (6 bytes)
1731598577.829042 sending message 112 to peer 0x1876c40 (13 bytes)
1731598577.829058 sending message 112 to peer 0x1876c40 (10 bytes)
1731598577.829072 sending message 112 to peer 0x1876c40 (24 bytes)
1731598577.829087 sending message 112 to peer 0x1876c40 (13 bytes)
1731598577.829102 sending message 112 to peer 0x1876c40 (9 bytes)
1731598577.829117 sending message 112 to peer 0x1876c40 (70 bytes)
1731598577.829131 sending message 112 to peer 0x1876c40 (69 bytes)
1731598577.829146 sending message 112 to peer 0x1876c40 (12 bytes)
1731598577.829162 sending message 112 to peer 0x1876c40 (10 bytes)
1731598577.829177 sending message 112 to peer 0x1876c40 (10 bytes)
1731598577.829192 sending message 112 to peer 0x1876c40 (24 bytes)
1731598577.829211 sending message 112 to peer 0x1876c40 (13 bytes)
1731598577.829225 sending message 112 to peer 0x1876c40 (10 bytes)
1731598577.829240 sending message 112 to peer 0x1876c40 (10 bytes)
1731598577.829255 sending message 112 to peer 0x1876c40 (10 bytes)
1731598577.829269 sending message 112 to peer 0x1876c40 (13 bytes)
1731598577.829284 sending message 112 to peer 0x1876c40 (15 bytes)
1731598577.829299 sending message 112 to peer 0x1876c40 (5 bytes)
1731598577.829316 sending message 104 to peer 0x1876c40 (0 bytes)
1731598577.829331 sending message 110 to peer 0x1876c40 (0 bytes)
1731598577.829347 sending message 107 to peer 0x1876c40 (4 bytes)
1731598577.829363 sending message 105 to peer 0x1876c40 (16 bytes)
1731598577.829376 sending message 105 to peer 0x1876c40 (20 bytes)
1731598577.829391 sending message 105 to peer 0x1876c40 (28 bytes)
1731598577.829406 sending message 105 to peer 0x1876c40 (37 bytes)
1731598577.829421 sending message 105 to peer 0x1876c40 (7 bytes)
1731598577.829437 sending message 105 to peer 0x1876c40 (24 bytes)
1731598577.829451 sending message 105 to peer 0x1876c40 (40 bytes)
1731598577.829466 sending message 105 to peer 0x1876c40 (13 bytes)
1731598577.829481 sending message 105 to peer 0x1876c40 (28 bytes)
1731598577.829497 sending message 105 to peer 0x1876c40 (30 bytes)
1731598577.829512 sending message 105 to peer 0x1876c40 (17 bytes)
1731598577.829528 sending message 105 to peer 0x1876c40 (117 bytes)
1731598577.829543 sending message 105 to peer 0x1876c40 (15 bytes)
1731598577.829558 sending message 105 to peer 0x1876c40 (72 bytes)
1731598577.829572 sending message 105 to peer 0x1876c40 (11 bytes)
1731598577.829587 sending message 105 to peer 0x1876c40 (17 bytes)
1731598577.829603 sending message 105 to peer 0x1876c40 (1506 bytes)
1731598577.829655 sending message 105 to peer 0x1876c40 (19 bytes)
1731598577.829670 sending message 105 to peer 0x1876c40 (23 bytes)
1731598577.829686 sending message 105 to peer 0x1876c40 (32 bytes)
1731598577.829700 sending message 105 to peer 0x1876c40 (30 bytes)
1731598577.829715 sending message 105 to peer 0x1876c40 (131 bytes)
1731598577.829730 sending message 105 to peer 0x1876c40 (44 bytes)
1731598577.829750 sending message 105 to peer 0x1876c40 (31 bytes)
1731598577.829763 sending message 105 to peer 0x1876c40 (20 bytes)
1731598577.829778 sending message 105 to peer 0x1876c40 (11 bytes)
1731598577.829801 sending message 105 to peer 0x1876c40 (10 bytes)
1731598577.829815 sending message 105 to peer 0x1876c40 (54 bytes)
1731598577.829830 sending message 105 to peer 0x1876c40 (132 bytes)
1731598577.829845 sending message 105 to peer 0x1876c40 (14 bytes)
1731598577.829861 sending message 105 to peer 0x1876c40 (8 bytes)
1731598577.829874 sending message 105 to peer 0x1876c40 (45 bytes)
1731598577.829890 sending message 105 to peer 0x1876c40 (53 bytes)
1731598577.829905 sending message 105 to peer 0x1876c40 (30 bytes)
1731598577.829920 sending message 105 to peer 0x1876c40 (23 bytes)
1731598577.829935 sending message 105 to peer 0x1876c40 (54 bytes)
1731598577.829949 sending message 105 to peer 0x1876c40 (19 bytes)
1731598577.829965 sending message 105 to peer 0x1876c40 (148 bytes)
1731598577.829981 sending message 105 to peer 0x1876c40 (119 bytes)
1731598577.829996 sending message 105 to peer 0x1876c40 (191 bytes)
1731598577.830011 sending message 105 to peer 0x1876c40 (19 bytes)
1731598577.830026 sending message 105 to peer 0x1876c40 (20 bytes)
1731598577.830041 sending message 105 to peer 0x1876c40 (78 bytes)
1731598577.830056 sending message 105 to peer 0x1876c40 (28 bytes)
1731598577.830071 sending message 105 to peer 0x1876c40 (23 bytes)
1731598577.830086 sending message 105 to peer 0x1876c40 (28 bytes)
1731598577.830100 sending message 106 to peer 0x1876c40 (0 bytes)
1731598577.830269 sending message 200 to peer 0x1876c40 (4 bytes)
1731598577.830284 client loop enter
1731598577.830336 client_signal: Child exited
1731598577.886261 peer 0x1876c40 message 207
1731598577.886273 sending message 208 to peer 0x1876c40 (0 bytes)
1731598632.867442 peer 0x1876c40 message 201
1731598632.867499 sending message 205 to peer 0x1876c40 (0 bytes)
1731598632.868925 peer 0x1876c40 message 204
1731598632.868939 client loop exit
